<?xml version="1.0" encoding="UTF-8"?>
<!-- Generated by org.testng.reporters.JUnitReportReporter -->
<testsuite hostname="Mypc" name="day16.KeywordScript" tests="1" failures="0" timestamp="12 Dec 2016 01:45:18 GMT" time="80.370" errors="0">
  <testcase name="key" time="80.370" classname="day16.KeywordScript"/>
</testsuite> <!-- day16.KeywordScript -->
