<?xml version="1.0" encoding="UTF-8"?>
<!-- Generated by org.testng.reporters.JUnitReportReporter -->
<testsuite hostname="Mypc" name="day14.BasicAnnotations" tests="3" failures="0" timestamp="8 Dec 2016 01:39:36 GMT" time="0.069" errors="0">
  <testcase name="function2" time="0.017" classname="day14.BasicAnnotations"/>
  <testcase name="a" time="0.029" classname="day14.BasicAnnotations"/>
  <testcase name="function1" time="0.023" classname="day14.BasicAnnotations"/>
</testsuite> <!-- day14.BasicAnnotations -->
