<?xml version="1.0" encoding="UTF-8"?>
<!-- Generated by org.testng.reporters.JUnitReportReporter -->
<testsuite hostname="Mypc" name="pom.LoginTC" tests="1" failures="0" timestamp="13 Dec 2016 01:31:22 GMT" time="26.124" errors="0">
  <testcase name="test" time="26.124" classname="pom.LoginTC"/>
</testsuite> <!-- pom.LoginTC -->
