<?xml version="1.0" encoding="UTF-8"?>
<!-- Generated by org.testng.reporters.JUnitReportReporter -->
<testsuite hostname="Mypc" name="day14.DataProviderEg" tests="3" failures="0" timestamp="9 Dec 2016 01:46:04 GMT" time="32.979" errors="0">
  <testcase name="test" time="15.500" classname="day14.DataProviderEg"/>
  <testcase name="test" time="9.548" classname="day14.DataProviderEg"/>
  <testcase name="test" time="7.931" classname="day14.DataProviderEg"/>
</testsuite> <!-- day14.DataProviderEg -->
