<?xml version="1.0" encoding="UTF-8"?>
<!-- Generated by org.testng.reporters.JUnitReportReporter -->
<testsuite hostname="Mypc" name="day14.org_loginTC" tests="1" failures="0" timestamp="8 Dec 2016 01:56:37 GMT" time="3.602" errors="0">
  <testcase name="login" time="3.602" classname="day14.org_loginTC"/>
</testsuite> <!-- day14.org_loginTC -->
