<?xml version="1.0" encoding="UTF-8"?>
<!-- Generated by org.testng.reporters.JUnitReportReporter -->
<testsuite hostname="Mypc" name="day14.PrimusBAnkLoginTest" tests="1" failures="0" timestamp="8 Dec 2016 01:50:52 GMT" time="2.668" errors="0">
  <testcase name="app_Login" time="2.668" classname="day14.PrimusBAnkLoginTest"/>
</testsuite> <!-- day14.PrimusBAnkLoginTest -->
