<?xml version="1.0" encoding="UTF-8"?>
<!-- Generated by org.testng.reporters.JUnitReportReporter -->
<testsuite hostname="Mypc" name="day15.TestNG_Userreg" tests="1" failures="0" timestamp="9 Dec 2016 01:33:37 GMT" time="10.317" errors="0">
  <testcase name="userreg" time="10.317" classname="day15.TestNG_Userreg"/>
</testsuite> <!-- day15.TestNG_Userreg -->
