<?xml version="1.0" encoding="UTF-8"?>
<!-- Generated by org.testng.reporters.JUnitReportReporter -->
<testsuite hostname="Mypc" name="day15.TestNG_Empreg" tests="1" failures="0" timestamp="9 Dec 2016 01:33:37 GMT" time="6.548" errors="0">
  <testcase name="empreg" time="6.548" classname="day15.TestNG_Empreg"/>
</testsuite> <!-- day15.TestNG_Empreg -->
