<?xml version="1.0" encoding="UTF-8"?>
<!-- Generated by org.testng.reporters.JUnitReportReporter -->
<testsuite hostname="Mypc" name="day16.HybridScript" tests="1" failures="0" timestamp="12 Dec 2016 01:57:43 GMT" time="55.609" errors="0">
  <testcase name="Hybrid" time="55.609" classname="day16.HybridScript"/>
</testsuite> <!-- day16.HybridScript -->
